[2025/05/28 20:12:45] - Namespace(poison_target=0, trigger_alpha=1.0, batch_size=256, clb_dir='./data/clean-label/0.1/', poison_type='badnets')
[2025/05/28 20:16:36] - Namespace(poison_target=0, trigger_alpha=1.0, batch_size=256, clb_dir='./data/clean-label/0.1/', poison_type='badnets')
[2025/05/28 20:19:19] - Namespace(poison_target=0, trigger_alpha=1.0, batch_size=256, clb_dir='./data/clean-label/0.1/', poison_type='badnets')
[2025/05/28 20:19:22] - Epoch 	 lr 	 Time 	 TrainLoss 	 TrainACC 	 PoisonLoss 	 PoisonACC 	 CleanLoss 	 CleanACC
[2025/05/28 20:34:14] - Namespace(batch_size=256, clb_dir='./data/clean-label/0.1/', poison_target=0, poison_type='badnets', trigger_alpha=1.0)
[2025/05/28 20:34:16] - Epoch 	 lr 	 Time 	 TrainLoss 	 TrainACC 	 PoisonLoss 	 PoisonACC 	 CleanLoss 	 CleanACC
[2025/05/28 20:34:39] - 1 	 0.100 	 22.9 	 2.1119 	 0.2521 	 2.3686 	 0.1782 	 1.6850 	 0.3552
[2025/05/28 20:35:01] - 2 	 0.100 	 21.7 	 1.6191 	 0.4008 	 2.7356 	 0.0399 	 1.4079 	 0.4813
[2025/05/28 20:35:22] - 3 	 0.100 	 21.7 	 1.4261 	 0.4850 	 2.4524 	 0.0967 	 1.3240 	 0.5224
[2025/05/28 20:35:44] - 4 	 0.100 	 21.7 	 1.2568 	 0.5532 	 2.8173 	 0.0498 	 1.1790 	 0.5814
[2025/05/28 20:36:06] - 5 	 0.100 	 21.8 	 1.1131 	 0.6118 	 2.5856 	 0.0708 	 1.2366 	 0.5721
[2025/05/28 20:36:28] - 6 	 0.100 	 21.8 	 1.0209 	 0.6491 	 2.9404 	 0.0627 	 1.2278 	 0.5989
[2025/05/28 20:36:49] - 7 	 0.100 	 21.8 	 0.9306 	 0.6833 	 2.6480 	 0.0621 	 0.8904 	 0.6947
[2025/05/28 20:37:11] - 8 	 0.100 	 21.8 	 0.8168 	 0.7212 	 0.1162 	 0.9714 	 0.8000 	 0.7260
[2025/05/28 20:37:33] - 9 	 0.100 	 21.8 	 0.7132 	 0.7595 	 0.0087 	 0.9969 	 0.7668 	 0.7382
[2025/05/28 20:37:55] - 10 	 0.100 	 21.8 	 0.6466 	 0.7845 	 0.0040 	 0.9988 	 0.6917 	 0.7741
[2025/05/28 20:38:17] - 11 	 0.100 	 21.8 	 0.5939 	 0.8050 	 0.0000 	 1.0000 	 0.7573 	 0.7494
[2025/05/28 20:38:38] - 12 	 0.100 	 21.8 	 0.5523 	 0.8157 	 0.0000 	 1.0000 	 0.6274 	 0.7842
[2025/05/28 20:39:00] - 13 	 0.100 	 21.8 	 0.5230 	 0.8287 	 0.0000 	 1.0000 	 0.5216 	 0.8217
[2025/05/28 20:39:22] - 14 	 0.100 	 21.8 	 0.4897 	 0.8399 	 0.0000 	 1.0000 	 0.5278 	 0.8197
[2025/05/28 20:39:44] - 15 	 0.100 	 21.8 	 0.4668 	 0.8494 	 0.0000 	 1.0000 	 0.7095 	 0.7782
[2025/05/28 20:40:06] - 16 	 0.100 	 21.8 	 0.4519 	 0.8528 	 0.0000 	 1.0000 	 0.5286 	 0.8296
[2025/05/28 20:40:28] - 17 	 0.100 	 22.0 	 0.4332 	 0.8598 	 0.0019 	 0.9999 	 0.5777 	 0.8117
[2025/05/28 20:40:49] - 18 	 0.100 	 21.8 	 0.4199 	 0.8651 	 0.0000 	 1.0000 	 0.6024 	 0.8084
[2025/05/28 20:41:11] - 19 	 0.100 	 21.8 	 0.4160 	 0.8654 	 0.0000 	 1.0000 	 0.5944 	 0.8062
[2025/05/28 20:41:33] - 20 	 0.100 	 21.8 	 0.4070 	 0.8692 	 0.0000 	 1.0000 	 0.5105 	 0.8313
[2025/05/28 20:41:55] - 21 	 0.100 	 21.8 	 0.3900 	 0.8749 	 0.0000 	 1.0000 	 0.5926 	 0.8181
[2025/05/28 20:42:17] - 22 	 0.100 	 21.8 	 0.3884 	 0.8745 	 0.0000 	 1.0000 	 0.4671 	 0.8435
[2025/05/28 20:42:38] - 23 	 0.100 	 21.8 	 0.3746 	 0.8804 	 0.0000 	 1.0000 	 0.3930 	 0.8745
[2025/05/28 20:43:00] - 24 	 0.100 	 21.8 	 0.3691 	 0.8826 	 0.0000 	 1.0000 	 0.4807 	 0.8438
[2025/05/28 20:43:22] - 25 	 0.100 	 21.8 	 0.3735 	 0.8808 	 0.0000 	 1.0000 	 0.4835 	 0.8398
[2025/05/28 20:43:44] - 26 	 0.100 	 21.8 	 0.3552 	 0.8859 	 0.0001 	 1.0000 	 0.5764 	 0.8157
[2025/05/28 20:44:06] - 27 	 0.100 	 21.8 	 0.3487 	 0.8885 	 0.0004 	 1.0000 	 0.5202 	 0.8309
[2025/05/28 20:44:27] - 28 	 0.100 	 21.8 	 0.3376 	 0.8930 	 0.0000 	 1.0000 	 0.5451 	 0.8278
[2025/05/28 20:44:49] - 29 	 0.100 	 21.8 	 0.3340 	 0.8956 	 0.0016 	 1.0000 	 0.4873 	 0.8466
[2025/05/28 20:45:11] - 30 	 0.100 	 21.8 	 0.3473 	 0.8908 	 0.0301 	 0.9933 	 0.5386 	 0.8330
[2025/05/28 20:45:33] - 31 	 0.010 	 21.8 	 0.2276 	 0.9320 	 0.0000 	 1.0000 	 0.2536 	 0.9158
[2025/05/28 20:45:55] - 32 	 0.010 	 21.8 	 0.1851 	 0.9477 	 0.0000 	 1.0000 	 0.2458 	 0.9204
[2025/05/28 20:46:16] - 33 	 0.010 	 21.8 	 0.1698 	 0.9522 	 0.0001 	 1.0000 	 0.2436 	 0.9204
[2025/05/28 20:46:38] - 34 	 0.010 	 21.8 	 0.1567 	 0.9568 	 0.0001 	 1.0000 	 0.2405 	 0.9251
[2025/05/28 20:47:00] - 35 	 0.010 	 21.8 	 0.1493 	 0.9589 	 0.0003 	 1.0000 	 0.2474 	 0.9242
[2025/05/28 20:47:22] - 36 	 0.010 	 21.8 	 0.1405 	 0.9623 	 0.0004 	 1.0000 	 0.2441 	 0.9248
[2025/05/28 20:47:44] - 37 	 0.010 	 21.8 	 0.1306 	 0.9647 	 0.0000 	 1.0000 	 0.2531 	 0.9225
[2025/05/28 20:48:05] - 38 	 0.010 	 21.8 	 0.1259 	 0.9660 	 0.0000 	 1.0000 	 0.2533 	 0.9235
[2025/05/28 20:48:27] - 39 	 0.010 	 21.8 	 0.1243 	 0.9671 	 0.0004 	 1.0000 	 0.2617 	 0.9220
[2025/05/28 20:48:49] - 40 	 0.010 	 21.8 	 0.1151 	 0.9698 	 0.0001 	 1.0000 	 0.2598 	 0.9233
[2025/05/28 20:49:11] - 41 	 0.001 	 21.8 	 0.1047 	 0.9738 	 0.0001 	 1.0000 	 0.2553 	 0.9263
[2025/05/28 20:49:33] - 42 	 0.001 	 21.8 	 0.1015 	 0.9744 	 0.0002 	 1.0000 	 0.2544 	 0.9266
[2025/05/28 20:49:54] - 43 	 0.001 	 21.8 	 0.1013 	 0.9749 	 0.0001 	 1.0000 	 0.2557 	 0.9259
[2025/05/28 20:50:16] - 44 	 0.001 	 21.8 	 0.0993 	 0.9760 	 0.0002 	 1.0000 	 0.2566 	 0.9274
[2025/05/28 20:50:38] - 45 	 0.001 	 21.8 	 0.0996 	 0.9752 	 0.0001 	 1.0000 	 0.2577 	 0.9262
[2025/05/28 20:51:00] - 46 	 0.001 	 22.3 	 0.0984 	 0.9752 	 0.0001 	 1.0000 	 0.2545 	 0.9260
[2025/05/28 20:51:22] - 47 	 0.001 	 21.8 	 0.1004 	 0.9749 	 0.0003 	 1.0000 	 0.2541 	 0.9265
[2025/05/28 20:51:44] - 48 	 0.001 	 22.0 	 0.0995 	 0.9751 	 0.0002 	 1.0000 	 0.2550 	 0.9277
[2025/05/28 20:52:06] - 49 	 0.001 	 21.8 	 0.0947 	 0.9765 	 0.0002 	 1.0000 	 0.2555 	 0.9276
[2025/05/28 20:54:28] - Namespace(batch_size=256, clb_dir='./data/clean-label/0.1/', poison_target=0, poison_type='blend', trigger_alpha=0.2)
[2025/05/28 21:02:27] - Namespace(batch_size=256, clb_dir='./data/clean-label/0.1/', poison_target=0, poison_type='blend', trigger_alpha=0.2)
[2025/05/28 21:02:28] - STREAM b'IHDR' 16 13
[2025/05/28 21:02:28] - STREAM b'IDAT' 41 3115
[2025/05/28 21:02:50] - Namespace(batch_size=256, clb_dir='./data/clean-label/0.1/', poison_target=0, poison_type='blend', trigger_alpha=0.2)
[2025/05/28 21:02:52] - STREAM b'IHDR' 16 13
[2025/05/28 21:02:52] - STREAM b'IDAT' 41 3115
[2025/05/28 21:02:53] - Epoch 	 lr 	 Time 	 TrainLoss 	 TrainACC 	 PoisonLoss 	 PoisonACC 	 CleanLoss 	 CleanACC
[2025/05/28 21:03:16] - 1 	 0.100 	 22.8 	 2.0260 	 0.2793 	 2.0308 	 0.1597 	 1.6359 	 0.3887
[2025/05/28 21:03:37] - 2 	 0.100 	 21.6 	 1.5669 	 0.4234 	 1.8779 	 0.2877 	 1.4269 	 0.4772
[2025/05/28 21:03:59] - 3 	 0.100 	 21.7 	 1.3235 	 0.5185 	 1.6640 	 0.5148 	 1.3054 	 0.5409
[2025/05/28 21:04:21] - 4 	 0.100 	 21.7 	 1.0975 	 0.6090 	 0.0226 	 0.9928 	 1.2770 	 0.5491
[2025/05/28 21:04:42] - 5 	 0.100 	 21.7 	 0.9528 	 0.6580 	 0.0228 	 0.9920 	 0.9665 	 0.6641
[2025/05/28 21:05:04] - 6 	 0.100 	 21.7 	 0.8481 	 0.6992 	 0.0087 	 0.9979 	 0.9420 	 0.6668
[2025/05/28 21:05:26] - 7 	 0.100 	 21.8 	 0.7559 	 0.7342 	 0.0240 	 0.9929 	 0.7716 	 0.7307
[2025/05/28 21:05:48] - 8 	 0.100 	 21.7 	 0.6856 	 0.7593 	 0.0013 	 0.9996 	 0.7285 	 0.7443
[2025/05/28 21:06:09] - 9 	 0.100 	 21.7 	 0.6200 	 0.7848 	 0.0020 	 0.9991 	 0.6662 	 0.7689
[2025/05/28 21:06:31] - 10 	 0.100 	 21.7 	 0.5577 	 0.8056 	 0.0267 	 0.9920 	 0.6250 	 0.7873
[2025/05/28 21:06:53] - 11 	 0.100 	 21.7 	 0.5122 	 0.8225 	 0.1147 	 0.9709 	 0.6205 	 0.7835
[2025/05/28 21:07:14] - 12 	 0.100 	 21.7 	 0.4865 	 0.8301 	 0.0053 	 0.9987 	 0.6033 	 0.7967
[2025/05/28 21:07:36] - 13 	 0.100 	 21.7 	 0.4456 	 0.8458 	 0.0253 	 0.9924 	 0.7166 	 0.7672
[2025/05/28 21:07:58] - 14 	 0.100 	 21.7 	 0.4297 	 0.8507 	 0.0263 	 0.9911 	 0.5180 	 0.8259
[2025/05/28 21:08:20] - 15 	 0.100 	 21.7 	 0.4075 	 0.8603 	 0.0904 	 0.9721 	 0.5333 	 0.8173
[2025/05/28 21:08:41] - 16 	 0.100 	 21.7 	 0.3879 	 0.8666 	 0.0126 	 0.9961 	 0.6159 	 0.7982
[2025/05/28 21:09:03] - 17 	 0.100 	 21.7 	 0.3722 	 0.8713 	 0.0755 	 0.9798 	 0.4994 	 0.8353
[2025/05/28 21:09:25] - 18 	 0.100 	 21.7 	 0.3548 	 0.8774 	 3.6043 	 0.3989 	 0.6197 	 0.8010
[2025/05/28 21:09:47] - 19 	 0.100 	 21.7 	 0.3489 	 0.8802 	 0.0285 	 0.9934 	 0.5673 	 0.8159
[2025/05/28 21:10:08] - 20 	 0.100 	 21.8 	 0.3285 	 0.8874 	 0.0001 	 1.0000 	 0.5264 	 0.8246
[2025/05/28 21:10:30] - 21 	 0.100 	 21.8 	 0.3191 	 0.8904 	 0.0145 	 0.9961 	 0.5445 	 0.8190
[2025/05/28 21:10:52] - 22 	 0.100 	 21.7 	 0.3004 	 0.8962 	 1.6309 	 0.6027 	 0.5090 	 0.8370
[2025/05/28 21:11:14] - 23 	 0.100 	 21.7 	 0.3034 	 0.8956 	 0.3638 	 0.9052 	 0.4311 	 0.8570
[2025/05/28 21:11:35] - 24 	 0.100 	 21.7 	 0.2989 	 0.8974 	 0.0010 	 0.9996 	 0.6527 	 0.7950
[2025/05/28 21:11:57] - 25 	 0.100 	 21.7 	 0.2907 	 0.8996 	 0.0076 	 0.9986 	 0.5089 	 0.8388
[2025/05/28 21:12:19] - 26 	 0.100 	 21.7 	 0.2820 	 0.9029 	 0.0113 	 0.9966 	 0.4290 	 0.8570
[2025/05/28 21:12:40] - 27 	 0.100 	 21.7 	 0.2732 	 0.9052 	 0.0157 	 0.9958 	 0.6409 	 0.8082
[2025/05/28 21:13:02] - 28 	 0.100 	 21.7 	 0.2776 	 0.9040 	 0.2035 	 0.9431 	 0.4695 	 0.8415
[2025/05/28 21:13:24] - 29 	 0.100 	 21.7 	 0.2669 	 0.9082 	 0.0213 	 0.9939 	 0.5579 	 0.8204
[2025/05/28 21:13:46] - 30 	 0.100 	 21.7 	 0.2607 	 0.9099 	 0.0018 	 0.9991 	 0.6723 	 0.7894
[2025/05/28 21:14:07] - 31 	 0.010 	 21.7 	 0.1521 	 0.9492 	 0.0003 	 1.0000 	 0.2537 	 0.9133
[2025/05/28 21:14:29] - 32 	 0.010 	 21.7 	 0.1096 	 0.9643 	 0.0004 	 1.0000 	 0.2458 	 0.9172
[2025/05/28 21:14:51] - 33 	 0.010 	 21.7 	 0.0922 	 0.9707 	 0.0004 	 1.0000 	 0.2396 	 0.9219
[2025/05/28 21:15:13] - 34 	 0.010 	 21.7 	 0.0823 	 0.9740 	 0.0003 	 1.0000 	 0.2384 	 0.9198
[2025/05/28 21:15:34] - 35 	 0.010 	 21.7 	 0.0743 	 0.9758 	 0.0003 	 1.0000 	 0.2431 	 0.9201
[2025/05/28 21:15:56] - 36 	 0.010 	 21.7 	 0.0635 	 0.9794 	 0.0003 	 1.0000 	 0.2422 	 0.9253
[2025/05/28 21:16:18] - 37 	 0.010 	 21.7 	 0.0604 	 0.9813 	 0.0002 	 1.0000 	 0.2459 	 0.9238
[2025/05/28 21:16:39] - 38 	 0.010 	 21.7 	 0.0533 	 0.9837 	 0.0018 	 0.9994 	 0.2548 	 0.9215
[2025/05/28 21:17:01] - 39 	 0.010 	 21.8 	 0.0496 	 0.9845 	 0.0004 	 1.0000 	 0.2592 	 0.9210
[2025/05/28 21:17:23] - 40 	 0.010 	 21.7 	 0.0449 	 0.9866 	 0.0008 	 0.9998 	 0.2626 	 0.9228
[2025/05/28 21:17:45] - 41 	 0.001 	 21.7 	 0.0356 	 0.9900 	 0.0005 	 0.9999 	 0.2557 	 0.9243
[2025/05/28 21:18:06] - 42 	 0.001 	 21.7 	 0.0341 	 0.9908 	 0.0003 	 1.0000 	 0.2542 	 0.9243
[2025/05/28 21:18:28] - 43 	 0.001 	 21.8 	 0.0326 	 0.9914 	 0.0005 	 0.9999 	 0.2541 	 0.9255
[2025/05/28 21:18:50] - 44 	 0.001 	 21.8 	 0.0311 	 0.9916 	 0.0004 	 0.9999 	 0.2550 	 0.9247
[2025/05/28 21:19:12] - 45 	 0.001 	 21.8 	 0.0309 	 0.9915 	 0.0004 	 0.9999 	 0.2544 	 0.9245
[2025/05/28 21:19:34] - 46 	 0.001 	 21.7 	 0.0295 	 0.9926 	 0.0006 	 0.9999 	 0.2547 	 0.9243
[2025/05/28 21:19:55] - 47 	 0.001 	 21.7 	 0.0293 	 0.9920 	 0.0004 	 1.0000 	 0.2549 	 0.9239
[2025/05/28 21:20:17] - 48 	 0.001 	 21.7 	 0.0287 	 0.9924 	 0.0003 	 1.0000 	 0.2543 	 0.9248
[2025/05/28 21:20:39] - 49 	 0.001 	 21.7 	 0.0281 	 0.9931 	 0.0004 	 1.0000 	 0.2557 	 0.9241
[2025/05/28 21:28:32] - Namespace(batch_size=256, clb_dir='./data/clean-label/0.1/', poison_target=0, poison_type='clean-label', trigger_alpha=1.0)
[2025/05/28 21:41:02] - Namespace(batch_size=256, clb_dir='./data/clean-label/0.1/', poison_target=0, poison_type='clean-label', trigger_alpha=1.0)
[2025/05/28 21:44:18] - Namespace(batch_size=256, clb_dir='./data/clean-label/0.1/', poison_target=0, poison_type='clean-label', trigger_alpha=1.0)
[2025/05/28 21:44:21] - Epoch 	 lr 	 Time 	 TrainLoss 	 TrainACC 	 PoisonLoss 	 PoisonACC 	 CleanLoss 	 CleanACC
[2025/05/28 21:44:45] - 1 	 0.100 	 24.2 	 2.0179 	 0.2928 	 3.1884 	 0.0163 	 1.8802 	 0.3403
[2025/05/28 21:45:07] - 2 	 0.100 	 22.7 	 1.5574 	 0.4198 	 4.7042 	 0.0250 	 1.4376 	 0.4762
[2025/05/28 21:45:30] - 3 	 0.100 	 22.7 	 1.3264 	 0.5150 	 4.5694 	 0.0473 	 1.2202 	 0.5618
[2025/05/28 21:45:53] - 4 	 0.100 	 22.8 	 1.1098 	 0.6013 	 5.6744 	 0.0418 	 1.0549 	 0.6201
[2025/05/28 21:46:16] - 5 	 0.100 	 22.8 	 0.9565 	 0.6601 	 6.1453 	 0.0193 	 1.0959 	 0.6216
[2025/05/28 21:46:39] - 6 	 0.100 	 22.8 	 0.8451 	 0.7009 	 5.7466 	 0.0663 	 0.9056 	 0.6896
[2025/05/28 21:47:01] - 7 	 0.100 	 22.8 	 0.7461 	 0.7392 	 5.7696 	 0.0877 	 0.8075 	 0.7205
[2025/05/28 21:47:24] - 8 	 0.100 	 22.8 	 0.6642 	 0.7670 	 7.2707 	 0.0223 	 0.6637 	 0.7739
[2025/05/28 21:57:35] - Namespace(batch_size=256, clb_dir='./data/clean-label/0.1/', poison_target=0, poison_type='clean-label', trigger_alpha=1.0)
[2025/05/28 21:57:37] - Epoch 	 lr 	 Time 	 TrainLoss 	 TrainACC 	 PoisonLoss 	 PoisonACC 	 CleanLoss 	 CleanACC
[2025/05/28 21:58:01] - 1 	 0.100 	 23.9 	 1.9299 	 0.3036 	 3.4470 	 0.0556 	 1.5670 	 0.4093
[2025/05/28 21:58:24] - 2 	 0.100 	 22.8 	 1.4777 	 0.4525 	 4.2543 	 0.0672 	 1.4331 	 0.4778
[2025/05/28 21:58:46] - 3 	 0.100 	 22.7 	 1.2379 	 0.5479 	 5.9006 	 0.0382 	 1.1246 	 0.5978
[2025/05/28 21:59:09] - 4 	 0.100 	 22.8 	 1.0364 	 0.6307 	 5.0732 	 0.0543 	 1.0008 	 0.6514
[2025/05/28 21:59:32] - 5 	 0.100 	 22.8 	 0.9096 	 0.6776 	 5.2977 	 0.0901 	 1.1269 	 0.6234
[2025/05/28 21:59:55] - 6 	 0.100 	 22.8 	 0.8182 	 0.7103 	 6.3336 	 0.0286 	 0.8155 	 0.7076
[2025/05/28 22:00:18] - 7 	 0.100 	 22.8 	 0.7284 	 0.7447 	 4.9763 	 0.0733 	 0.7855 	 0.7271
[2025/05/28 22:00:40] - 8 	 0.100 	 22.8 	 0.6581 	 0.7702 	 6.5482 	 0.0318 	 0.8167 	 0.7315
[2025/05/28 22:01:03] - 9 	 0.100 	 22.8 	 0.5813 	 0.7982 	 6.4000 	 0.0390 	 0.7029 	 0.7569
[2025/05/28 22:01:26] - 10 	 0.100 	 22.8 	 0.5229 	 0.8179 	 4.8192 	 0.1396 	 0.6593 	 0.7835
[2025/05/28 22:01:49] - 11 	 0.100 	 22.8 	 0.4796 	 0.8309 	 2.7452 	 0.3676 	 0.6420 	 0.7838
[2025/05/28 22:02:12] - 12 	 0.100 	 22.8 	 0.4426 	 0.8475 	 3.1982 	 0.2976 	 0.5722 	 0.8004
[2025/05/28 22:02:34] - 13 	 0.100 	 22.8 	 0.4152 	 0.8556 	 3.2461 	 0.2941 	 0.4702 	 0.8383
[2025/05/28 22:02:57] - 14 	 0.100 	 22.8 	 0.3896 	 0.8670 	 2.8939 	 0.3567 	 0.5399 	 0.8195
[2025/05/28 22:03:21] - 15 	 0.100 	 23.8 	 0.3790 	 0.8697 	 1.7466 	 0.6060 	 0.6699 	 0.7790
[2025/05/28 22:03:44] - 16 	 0.100 	 22.8 	 0.3579 	 0.8765 	 3.8062 	 0.2769 	 0.6414 	 0.7904
[2025/05/28 22:04:07] - 17 	 0.100 	 22.8 	 0.3448 	 0.8805 	 2.0963 	 0.5079 	 0.4643 	 0.8371
[2025/05/28 22:04:29] - 18 	 0.100 	 22.8 	 0.3402 	 0.8819 	 1.9606 	 0.5347 	 0.5382 	 0.8222
[2025/05/28 22:04:52] - 19 	 0.100 	 22.8 	 0.3283 	 0.8861 	 2.2121 	 0.4551 	 0.4598 	 0.8442
[2025/05/28 22:05:15] - 20 	 0.100 	 22.8 	 0.3245 	 0.8871 	 0.9462 	 0.7559 	 0.4573 	 0.8500
[2025/05/28 22:05:38] - 21 	 0.100 	 22.8 	 0.3113 	 0.8928 	 4.9309 	 0.1867 	 0.6337 	 0.7971
[2025/05/28 22:06:01] - 22 	 0.100 	 22.8 	 0.3018 	 0.8963 	 3.3002 	 0.3197 	 0.5103 	 0.8338
[2025/05/28 22:06:23] - 23 	 0.100 	 22.8 	 0.2896 	 0.9005 	 1.0078 	 0.7706 	 0.4367 	 0.8570
[2025/05/28 22:06:46] - 24 	 0.100 	 22.8 	 0.2927 	 0.8985 	 1.5118 	 0.6260 	 0.4404 	 0.8524
[2025/05/28 22:07:09] - 25 	 0.100 	 22.8 	 0.2839 	 0.9033 	 3.1854 	 0.3591 	 0.4565 	 0.8433
[2025/05/28 22:07:32] - 26 	 0.100 	 22.8 	 0.2809 	 0.9037 	 4.0645 	 0.1972 	 0.6318 	 0.8110
[2025/05/28 22:07:55] - 27 	 0.100 	 22.8 	 0.2762 	 0.9054 	 3.1146 	 0.3631 	 0.4572 	 0.8479
[2025/05/28 22:08:18] - 28 	 0.100 	 22.8 	 0.2606 	 0.9109 	 0.2885 	 0.9007 	 0.4801 	 0.8426
[2025/05/28 22:08:40] - 29 	 0.100 	 22.8 	 0.2621 	 0.9098 	 1.5415 	 0.6031 	 0.4902 	 0.8467
[2025/05/28 22:09:03] - 30 	 0.100 	 22.8 	 0.2602 	 0.9110 	 2.5696 	 0.4106 	 0.5357 	 0.8273
[2025/05/28 22:09:26] - 31 	 0.010 	 22.8 	 0.1453 	 0.9524 	 2.5180 	 0.4058 	 0.2421 	 0.9180
[2025/05/28 22:09:49] - 32 	 0.010 	 22.8 	 0.1043 	 0.9662 	 2.4156 	 0.4252 	 0.2324 	 0.9212
[2025/05/28 22:10:12] - 33 	 0.010 	 22.8 	 0.0880 	 0.9714 	 2.7418 	 0.3724 	 0.2270 	 0.9226
[2025/05/28 22:10:34] - 34 	 0.010 	 22.8 	 0.0762 	 0.9755 	 2.2557 	 0.4370 	 0.2253 	 0.9252
[2025/05/28 22:10:57] - 35 	 0.010 	 22.8 	 0.0679 	 0.9784 	 2.6677 	 0.3781 	 0.2318 	 0.9247
[2025/05/28 22:11:20] - 36 	 0.010 	 22.8 	 0.0627 	 0.9806 	 2.4629 	 0.4046 	 0.2349 	 0.9264
[2025/05/28 22:11:43] - 37 	 0.010 	 22.8 	 0.0539 	 0.9832 	 2.0062 	 0.4721 	 0.2326 	 0.9275
[2025/05/28 22:12:06] - 38 	 0.010 	 22.8 	 0.0480 	 0.9848 	 1.7478 	 0.5091 	 0.2405 	 0.9291
[2025/05/28 22:25:08] - Namespace(batch_size=256, clb_dir='./data/clean-label/0.1/', poison_target=0, poison_type='clean-label', trigger_alpha=1.0)
[2025/05/28 22:25:10] - Epoch 	 lr 	 Time 	 TrainLoss 	 TrainACC 	 PoisonLoss 	 PoisonACC 	 CleanLoss 	 CleanACC
[2025/05/28 22:25:34] - 1 	 0.100 	 23.9 	 1.9829 	 0.2982 	 3.3749 	 0.0612 	 1.6287 	 0.3764
[2025/05/28 22:25:57] - 2 	 0.100 	 22.7 	 1.4623 	 0.4571 	 4.6559 	 0.0566 	 1.3235 	 0.5205
[2025/05/28 22:26:20] - 3 	 0.100 	 22.8 	 1.2272 	 0.5574 	 4.8830 	 0.0496 	 1.1752 	 0.5739
[2025/05/28 22:26:43] - 4 	 0.100 	 22.8 	 1.0275 	 0.6316 	 5.4109 	 0.0454 	 0.9697 	 0.6546
[2025/05/28 22:27:05] - 5 	 0.100 	 22.8 	 0.8922 	 0.6833 	 6.1383 	 0.0340 	 0.9051 	 0.6895
[2025/05/28 22:27:28] - 6 	 0.100 	 22.8 	 0.7777 	 0.7241 	 6.6639 	 0.0349 	 0.9314 	 0.6814
[2025/05/28 22:27:51] - 7 	 0.100 	 22.8 	 0.6764 	 0.7636 	 6.3558 	 0.0366 	 0.6383 	 0.7777
[2025/05/28 22:28:14] - 8 	 0.100 	 22.8 	 0.5941 	 0.7924 	 6.6713 	 0.0520 	 0.6805 	 0.7698
[2025/05/28 22:28:37] - 9 	 0.100 	 22.8 	 0.5456 	 0.8100 	 7.1338 	 0.0303 	 0.5759 	 0.8008
[2025/05/28 22:29:00] - 10 	 0.100 	 22.8 	 0.4920 	 0.8305 	 5.6991 	 0.0787 	 0.5476 	 0.8185
[2025/05/28 22:29:22] - 11 	 0.100 	 22.8 	 0.4594 	 0.8409 	 2.4041 	 0.4540 	 0.5791 	 0.7997
[2025/05/28 22:29:45] - 12 	 0.100 	 22.8 	 0.4276 	 0.8521 	 1.8228 	 0.5208 	 0.7102 	 0.7637
[2025/05/28 22:30:08] - 13 	 0.100 	 22.8 	 0.4079 	 0.8601 	 2.5328 	 0.3669 	 0.4711 	 0.8405
[2025/05/28 22:30:31] - 14 	 0.100 	 22.8 	 0.3845 	 0.8680 	 1.0486 	 0.7243 	 0.5206 	 0.8280
[2025/05/28 22:30:54] - 15 	 0.100 	 22.9 	 0.3695 	 0.8720 	 2.1081 	 0.4454 	 0.5073 	 0.8303
[2025/05/28 22:31:17] - 16 	 0.100 	 22.9 	 0.3579 	 0.8760 	 0.9538 	 0.7012 	 0.4693 	 0.8388
[2025/05/28 22:31:39] - 17 	 0.100 	 22.8 	 0.3412 	 0.8822 	 1.5768 	 0.6133 	 0.5566 	 0.8238
[2025/05/28 22:32:02] - 18 	 0.100 	 22.8 	 0.3278 	 0.8872 	 2.3795 	 0.4100 	 0.7013 	 0.7809
[2025/05/28 22:32:25] - 19 	 0.100 	 22.8 	 0.3199 	 0.8902 	 2.0608 	 0.4758 	 0.8489 	 0.7500
[2025/05/28 22:32:48] - 20 	 0.100 	 22.8 	 0.3142 	 0.8922 	 0.2626 	 0.9269 	 0.4611 	 0.8469
[2025/05/28 22:33:11] - 21 	 0.100 	 22.8 	 0.3076 	 0.8947 	 1.9285 	 0.5244 	 0.4487 	 0.8512
[2025/05/28 22:33:34] - 22 	 0.100 	 22.8 	 0.2987 	 0.8957 	 0.0250 	 0.9908 	 0.4411 	 0.8556
[2025/05/28 22:33:56] - 23 	 0.100 	 22.8 	 0.2899 	 0.9004 	 0.3962 	 0.8766 	 0.5236 	 0.8266
[2025/05/28 22:34:19] - 24 	 0.100 	 22.8 	 0.2847 	 0.9011 	 1.6218 	 0.5750 	 0.5200 	 0.8247
[2025/05/28 22:34:42] - 25 	 0.100 	 22.9 	 0.2827 	 0.9030 	 0.4265 	 0.8699 	 0.5090 	 0.8288
[2025/05/28 22:35:05] - 26 	 0.100 	 22.8 	 0.2783 	 0.9044 	 0.4563 	 0.8667 	 0.4792 	 0.8495
[2025/05/28 22:35:28] - 27 	 0.100 	 22.8 	 0.2710 	 0.9081 	 0.0068 	 0.9979 	 0.5702 	 0.8260
[2025/05/28 22:35:51] - 28 	 0.100 	 22.8 	 0.2662 	 0.9085 	 1.6578 	 0.5372 	 0.5676 	 0.8174
[2025/05/28 22:36:13] - 29 	 0.100 	 22.8 	 0.2632 	 0.9094 	 0.5530 	 0.8444 	 0.4570 	 0.8528
[2025/05/28 22:36:36] - 30 	 0.100 	 22.8 	 0.2551 	 0.9114 	 0.8670 	 0.7658 	 0.5045 	 0.8295
[2025/05/28 22:36:59] - 31 	 0.010 	 22.8 	 0.1502 	 0.9510 	 0.5139 	 0.8280 	 0.2318 	 0.9221
[2025/05/28 22:37:22] - 32 	 0.010 	 22.8 	 0.1039 	 0.9664 	 0.8286 	 0.7404 	 0.2175 	 0.9279
[2025/05/28 22:37:45] - 33 	 0.010 	 22.8 	 0.0891 	 0.9717 	 0.7733 	 0.7569 	 0.2188 	 0.9284
[2025/05/28 22:38:07] - 34 	 0.010 	 22.8 	 0.0782 	 0.9743 	 0.5150 	 0.8194 	 0.2155 	 0.9303
[2025/05/28 22:38:30] - 35 	 0.010 	 22.8 	 0.0709 	 0.9773 	 0.5315 	 0.8147 	 0.2236 	 0.9293
[2025/05/28 22:38:53] - 36 	 0.010 	 22.8 	 0.0626 	 0.9804 	 0.3054 	 0.8834 	 0.2241 	 0.9312
[2025/05/28 22:39:16] - 37 	 0.010 	 22.8 	 0.0568 	 0.9826 	 0.5765 	 0.8001 	 0.2145 	 0.9314
[2025/05/28 22:39:39] - 38 	 0.010 	 22.9 	 0.0491 	 0.9844 	 0.5837 	 0.7953 	 0.2244 	 0.9311
[2025/05/28 22:40:01] - 39 	 0.010 	 22.8 	 0.0451 	 0.9865 	 0.4906 	 0.8252 	 0.2259 	 0.9328
[2025/05/28 22:40:24] - 40 	 0.010 	 22.8 	 0.0390 	 0.9883 	 0.5909 	 0.7859 	 0.2292 	 0.9320
[2025/05/28 22:40:47] - 41 	 0.001 	 22.8 	 0.0350 	 0.9900 	 0.5836 	 0.7927 	 0.2186 	 0.9334
[2025/05/28 22:41:10] - 42 	 0.001 	 22.8 	 0.0306 	 0.9914 	 0.4872 	 0.8218 	 0.2182 	 0.9358
[2025/05/28 22:41:33] - 43 	 0.001 	 22.8 	 0.0295 	 0.9919 	 0.5100 	 0.8153 	 0.2179 	 0.9354
[2025/05/28 22:41:56] - 44 	 0.001 	 22.8 	 0.0287 	 0.9922 	 0.4173 	 0.8472 	 0.2178 	 0.9356
[2025/05/28 22:42:18] - 45 	 0.001 	 22.8 	 0.0263 	 0.9932 	 0.3863 	 0.8544 	 0.2169 	 0.9362
[2025/05/28 22:42:41] - 46 	 0.001 	 22.8 	 0.0269 	 0.9932 	 0.4191 	 0.8462 	 0.2172 	 0.9355
[2025/05/28 22:43:04] - 47 	 0.001 	 22.8 	 0.0265 	 0.9937 	 0.4433 	 0.8377 	 0.2190 	 0.9357
[2025/05/28 22:43:27] - 48 	 0.001 	 22.8 	 0.0256 	 0.9937 	 0.4960 	 0.8191 	 0.2182 	 0.9360
[2025/05/28 22:43:50] - 49 	 0.001 	 22.8 	 0.0262 	 0.9934 	 0.4246 	 0.8429 	 0.2195 	 0.9355
